<?xml version="1.0" encoding="UTF-8"?>
<!-- Generated by org.testng.reporters.JUnitXMLReporter -->
<testsuite hostname="USL05883" name="Default test" tests="4" failures="0" timestamp="22 Nov 2019 14:57:34 GMT" time="36.084" errors="0">
  <testcase name="test" time="0.301" classname="org.pytorch.serve.util.ConfigManagerTest"/>
  <testcase name="testNoEnvVars" time="0.013" classname="org.pytorch.serve.util.ConfigManagerTest"/>
  <testcase name="test" time="35.668" classname="org.pytorch.serve.ModelServerTest"/>
  <testcase name="test" time="0.076" classname="org.pytorch.serve.CoverageTest"/>
</testsuite> <!-- Default test -->
